;  LST file generated by mikroListExporter - v.2.0 
; Date/Time: 01-Jul-22 11:15:48 AM
;----------------------------------------------

;Address Opcode 	ASM
0x0000	0x2803      	GOTO       3
_main:
;Seven_Segment.c,1 :: 		void main() {
;Seven_Segment.c,2 :: 		char array[] = {0xC0,0xF9,0xA4,0xB0,0x99,0x92,0x82,0xF8,0x80,0x90};
0x0003	0x30C0      	MOVLW      192
0x0004	0x1283      	BCF        STATUS, 5
0x0005	0x1303      	BCF        STATUS, 6
0x0006	0x00A2      	MOVWF      main_array_L0
0x0007	0x30F9      	MOVLW      249
0x0008	0x00A3      	MOVWF      main_array_L0+1
0x0009	0x30A4      	MOVLW      164
0x000A	0x00A4      	MOVWF      main_array_L0+2
0x000B	0x30B0      	MOVLW      176
0x000C	0x00A5      	MOVWF      main_array_L0+3
0x000D	0x3099      	MOVLW      153
0x000E	0x00A6      	MOVWF      main_array_L0+4
0x000F	0x3092      	MOVLW      146
0x0010	0x00A7      	MOVWF      main_array_L0+5
0x0011	0x3082      	MOVLW      130
0x0012	0x00A8      	MOVWF      main_array_L0+6
0x0013	0x30F8      	MOVLW      248
0x0014	0x00A9      	MOVWF      main_array_L0+7
0x0015	0x3080      	MOVLW      128
0x0016	0x00AA      	MOVWF      main_array_L0+8
0x0017	0x3090      	MOVLW      144
0x0018	0x00AB      	MOVWF      main_array_L0+9
;Seven_Segment.c,4 :: 		trisb =0x00;
0x0019	0x1683      	BSF        STATUS, 5
0x001A	0x0186      	CLRF       TRISB
;Seven_Segment.c,5 :: 		portb = 0x00;
0x001B	0x1283      	BCF        STATUS, 5
0x001C	0x0186      	CLRF       PORTB
;Seven_Segment.c,7 :: 		while(1) {
L_main0:
;Seven_Segment.c,8 :: 		for(i=0;i<10;i++){
0x001D	0x01F1      	CLRF       R1
0x001E	0x01F2      	CLRF       R1+1
L_main2:
0x001F	0x3080      	MOVLW      128
0x0020	0x0672      	XORWF      R1+1, 0
0x0021	0x00F0      	MOVWF      R0
0x0022	0x3080      	MOVLW      128
0x0023	0x0270      	SUBWF      R0, 0
0x0024	0x1D03      	BTFSS      STATUS, 2
0x0025	0x2828      	GOTO       L__main7
0x0026	0x300A      	MOVLW      10
0x0027	0x0271      	SUBWF      R1, 0
L__main7:
0x0028	0x1803      	BTFSC      STATUS, 0
0x0029	0x2841      	GOTO       L_main3
;Seven_Segment.c,9 :: 		portb = array[i];
0x002A	0x0871      	MOVF       R1, 0
0x002B	0x3E22      	ADDLW      main_array_L0
0x002C	0x0084      	MOVWF      FSR
0x002D	0x0800      	MOVF       INDF, 0
0x002E	0x0086      	MOVWF      PORTB
;Seven_Segment.c,10 :: 		delay_ms(1000);
0x002F	0x300B      	MOVLW      11
0x0030	0x00FB      	MOVWF      R11
0x0031	0x3026      	MOVLW      38
0x0032	0x00FC      	MOVWF      R12
0x0033	0x305D      	MOVLW      93
0x0034	0x00FD      	MOVWF      R13
L_main5:
0x0035	0x0BFD      	DECFSZ     R13, 1
0x0036	0x2835      	GOTO       L_main5
0x0037	0x0BFC      	DECFSZ     R12, 1
0x0038	0x2835      	GOTO       L_main5
0x0039	0x0BFB      	DECFSZ     R11, 1
0x003A	0x2835      	GOTO       L_main5
0x003B	0x0000      	NOP
0x003C	0x0000      	NOP
;Seven_Segment.c,8 :: 		for(i=0;i<10;i++){
0x003D	0x0AF1      	INCF       R1, 1
0x003E	0x1903      	BTFSC      STATUS, 2
0x003F	0x0AF2      	INCF       R1+1, 1
;Seven_Segment.c,11 :: 		}
0x0040	0x281F      	GOTO       L_main2
L_main3:
;Seven_Segment.c,12 :: 		}
0x0041	0x281D      	GOTO       L_main0
;Seven_Segment.c,13 :: 		}
L_end_main:
0x0042	0x2842      	GOTO       $+0
; end of _main
Symbol List:
//** Routines locations **
//ADDRESS    SIZE    PROCEDURE
//----------------------------------------------
0x0003      [64]    _main
//** Variables locations ** 
//ADDRESS    SIZE    VARIABLE
//----------------------------------------------
0x0000       [1]    INDF
0x0003       [1]    STATUS
0x0004       [1]    FSR
0x0006       [1]    PORTB
0x000A       [1]    PCLATH
0x0020       [2]    ___DoICPAddr
0x0022      [10]    main_array_L0
0x0070       [1]    R0
0x0071       [1]    R1
0x0072       [1]    R2
0x0073       [1]    R3
0x0074       [1]    R4
0x0075       [1]    R5
0x0076       [1]    R6
0x0077       [1]    R7
0x0078       [1]    R8
0x0079       [1]    R9
0x007A       [1]    R10
0x007B       [1]    R11
0x007C       [1]    R12
0x007D       [1]    R13
0x007E       [1]    R14
0x007F       [1]    R15
0x0086       [1]    TRISB
